<?xml version="1.0" encoding="UTF-8"?>
<testsuite errors="0" failures="0" name="title" skipped="0" tests="1" time="19.189727">
<testcase classname="title.Admin User Login with wrong username and password" name="Admin User Login with wrong username and password" time="19.189727">
</testcase>
</testsuite>
