<?xml version="1.0" encoding="UTF-8"?>
<testsuite errors="0" failures="0" name="title" skipped="0" tests="1" time="26.143572">
<testcase classname="title.check Non admin user and check admin page" name="check Non admin user and check admin page" time="26.143572">
</testcase>
</testsuite>
