<?xml version="1.0" encoding="UTF-8"?>
<testsuite errors="0" failures="0" name="title" skipped="0" tests="1" time="23.556307">
<testcase classname="title.check sli logo and user name in header and footer for normal user" name="check sli logo and user name in header and footer for normal user" time="23.556307">
</testcase>
</testsuite>
